2025-05-08 11:29:57,889 - INFO - === Начало процесса обновления данных ===
2025-05-08 11:29:57,889 - INFO - === Очистка базы данных ===
2025-05-08 11:29:57,889 - INFO - === Очистка старых данных ===
2025-05-08 11:29:57,889 - INFO - Запуск скрипта clean_db.py...
2025-05-08 11:29:57,921 - INFO - Скрипт clean_db.py успешно выполнен
2025-05-08 11:29:57,921 - INFO - Вывод скрипта clean_db.py:
База данных очищена от лишних таблиц!

2025-05-08 11:29:57,921 - INFO - === Подготовка processed_data.xlsx ===
2025-05-08 11:29:57,921 - INFO - Запуск скрипта prepare_processed_data.py...
2025-05-08 11:30:22,871 - INFO - Скрипт prepare_processed_data.py успешно выполнен
2025-05-08 11:30:22,872 - INFO - Вывод скрипта prepare_processed_data.py:
Скачиваю фид: https://storage-cdn11.gloria-jeans.ru/catalog/feeds/AnyQuery-gjStore.xml
Фид успешно скачан!
Файл processed_data.xlsx успешно создан!

2025-05-08 11:30:23,172 - INFO - NumExpr defaulting to 8 threads.
2025-05-08 11:30:26,582 - INFO - === Обработка данных ===
2025-05-08 11:30:26,582 - INFO - === Обработка и объединение данных ===
2025-05-08 11:30:26,582 - INFO - Запуск скрипта process_data.py...
2025-05-08 11:30:51,303 - INFO - Скрипт process_data.py успешно выполнен
2025-05-08 11:30:51,304 - INFO - Вывод скрипта process_data.py:
Загрузка данных из Excel...
Обработано 37932 уникальных артикулов
Загрузка данных из XML...
Обработано 10806 товаров из XML
Объединение данных...
Результат сохранен в processed_data.xlsx

Пример обработанных данных:
       Артикул  Сессии  Карточка товара  ...  discount  gender  image_url
0  BAC003314-1       1                6  ...       NaN     NaN        NaN
1  BAC003664-2       1                1  ...       NaN     NaN        NaN
2  BAC003721-2       1                1  ...       NaN     NaN        NaN
3  BAC004708-2       4                4  ...       NaN     NaN        NaN
4  BAC004852-1       1                1  ...       NaN     NaN        NaN

[5 rows x 19 columns]

2025-05-08 11:30:51,304 - INFO - === Обновление категорий ===
2025-05-08 11:30:51,304 - INFO - === Обновление категорий товаров ===
2025-05-08 11:30:51,304 - INFO - Запуск скрипта update_categories.py...
2025-05-08 11:30:57,372 - ERROR - Ошибка при выполнении скрипта update_categories.py:
Traceback (most recent call last):
  File "/Users/golnev/Downloads/GJ/мерч/update_categories.py", line 13, in <module>
    cursor.execute('''
sqlite3.OperationalError: no such column: max_Категория

2025-05-08 11:30:57,372 - ERROR - Ошибка при запуске скрипта update_categories.py: Скрипт update_categories.py завершился с ошибкой
2025-05-08 11:30:57,372 - ERROR - Ошибка при обновлении категорий: Скрипт update_categories.py завершился с ошибкой
2025-05-08 11:30:57,372 - ERROR - Критическая ошибка в процессе обновления данных: Скрипт update_categories.py завершился с ошибкой
