2025-04-26 22:46:29,994 - INFO - Начало процесса обновления данных...
2025-04-26 22:46:29,994 - INFO - Запуск скрипта import_data.py...
2025-04-26 22:46:30,872 - INFO - Скрипт import_data.py успешно выполнен
2025-04-26 22:46:30,872 - INFO - Запуск обработки данных...
2025-04-26 22:46:30,872 - INFO - Запуск скрипта process_data.py...
2025-04-26 22:46:45,869 - INFO - Скрипт process_data.py успешно выполнен
2025-04-26 22:46:45,869 - INFO - Вывод скрипта process_data.py:
Загрузка данных из Excel...
Обработано 25884 уникальных артикулов
Загрузка данных из XML...
Обработано 10841 товаров из XML
Объединение данных...
Результат сохранен в processed_data.xlsx

Пример обработанных данных:
       Артикул  Сессии  Карточка товара  ...  discount  gender  image_url
0  BAC003320-2       1                1  ...       NaN     NaN        NaN
1  BAC004707-1       1                1  ...       NaN     NaN        NaN
2  BAC004708-2       1                1  ...       NaN     NaN        NaN
3  BAC005227-1       2                1  ...       NaN     NaN        NaN
4  BAC006048-1       1                1  ...       NaN     NaN        NaN

[5 rows x 17 columns]

2025-04-26 22:46:45,869 - INFO - Перезапуск приложения...
2025-04-26 22:46:47,902 - INFO - Процесс обновления данных успешно завершен!
2025-04-26 22:50:24,744 - INFO - Начало процесса обновления данных...
2025-04-26 22:50:24,745 - INFO - Запуск скрипта import_data.py...
2025-04-26 22:50:25,614 - INFO - Скрипт import_data.py успешно выполнен
2025-04-26 22:50:25,614 - INFO - Запуск обработки данных...
2025-04-26 22:50:25,614 - INFO - Запуск скрипта process_data.py...
2025-04-26 22:50:31,851 - INFO - Скрипт process_data.py успешно выполнен
2025-04-26 22:50:31,852 - INFO - Вывод скрипта process_data.py:
Загрузка данных из Excel...
Обработано 6 уникальных артикулов
Загрузка данных из XML...
Обработано 10841 товаров из XML
Объединение данных...
Результат сохранен в processed_data.xlsx

Пример обработанных данных:
       Артикул  ...                                          image_url
0  GWT004925-2  ...  https://storage-cdn5.gloria-jeans.ru/pictures/...
1  GWT004925-3  ...  https://storage-cdn5.gloria-jeans.ru/pictures/...
2  GWT004928-1  ...  https://storage-cdn5.gloria-jeans.ru/pictures/...
3  GWT005091-1  ...  https://storage-cdn5.gloria-jeans.ru/pictures/...
4  GWT005091-2  ...  https://storage-cdn5.gloria-jeans.ru/pictures/...

[5 rows x 17 columns]

2025-04-26 22:50:31,852 - INFO - Перезапуск приложения...
2025-04-26 22:50:33,891 - INFO - Процесс обновления данных успешно завершен!
